<?xml version="1.0" encoding="UTF-8"?>
<coverage generated="1757331898129" clover="3.2.0">
  <project timestamp="1757331898130" name="All files">
    <metrics statements="103" coveredstatements="101" conditionals="72" coveredconditionals="69" methods="19" coveredmethods="19" elements="194" coveredelements="189" complexity="0" loc="103" ncloc="103" packages="2" files="6" classes="6"/>
    <package name="src">
      <metrics statements="44" coveredstatements="43" conditionals="25" coveredconditionals="24" methods="6" coveredmethods="6"/>
      <file name="diff.js" path="/Users/evgeniy/Documents/JavaScript/frontend-project-46/src/diff.js">
        <metrics statements="27" coveredstatements="27" conditionals="11" coveredconditionals="11" methods="3" coveredmethods="3"/>
        <line num="5" count="1" type="stmt"/>
        <line num="6" count="53" type="stmt"/>
        <line num="7" count="53" type="stmt"/>
        <line num="9" count="53" type="stmt"/>
        <line num="10" count="202" type="stmt"/>
        <line num="11" count="202" type="stmt"/>
        <line num="13" count="202" type="cond" truecount="2" falsecount="0"/>
        <line num="14" count="34" type="stmt"/>
        <line num="17" count="168" type="cond" truecount="2" falsecount="0"/>
        <line num="18" count="53" type="stmt"/>
        <line num="21" count="115" type="cond" truecount="4" falsecount="0"/>
        <line num="22" count="36" type="stmt"/>
        <line num="29" count="79" type="cond" truecount="2" falsecount="0"/>
        <line num="30" count="44" type="stmt"/>
        <line num="38" count="35" type="stmt"/>
        <line num="42" count="1" type="cond" truecount="1" falsecount="0"/>
        <line num="43" count="17" type="stmt"/>
        <line num="44" count="17" type="stmt"/>
        <line num="45" count="17" type="stmt"/>
        <line num="47" count="17" type="stmt"/>
        <line num="48" count="17" type="stmt"/>
        <line num="50" count="17" type="stmt"/>
        <line num="51" count="17" type="stmt"/>
        <line num="53" count="17" type="stmt"/>
        <line num="54" count="17" type="stmt"/>
        <line num="56" count="16" type="stmt"/>
        <line num="58" count="1" type="stmt"/>
      </file>
      <file name="parsers.js" path="/Users/evgeniy/Documents/JavaScript/frontend-project-46/src/parsers.js">
        <metrics statements="17" coveredstatements="16" conditionals="14" coveredconditionals="13" methods="3" coveredmethods="3"/>
        <line num="5" count="1" type="stmt"/>
        <line num="6" count="34" type="stmt"/>
        <line num="13" count="34" type="stmt"/>
        <line num="14" count="34" type="cond" truecount="1" falsecount="1"/>
        <line num="15" count="34" type="stmt"/>
        <line num="19" count="0" type="stmt"/>
        <line num="22" count="1" type="stmt"/>
        <line num="23" count="36" type="stmt"/>
        <line num="24" count="36" type="cond" truecount="2" falsecount="0"/>
        <line num="25" count="8" type="cond" truecount="4" falsecount="0"/>
        <line num="26" count="1" type="stmt"/>
        <line num="28" count="2" type="stmt"/>
        <line num="32" count="1" type="stmt"/>
        <line num="33" count="35" type="stmt"/>
        <line num="34" count="35" type="cond" truecount="2" falsecount="0"/>
        <line num="35" count="8" type="cond" truecount="4" falsecount="0"/>
        <line num="36" count="1" type="stmt"/>
      </file>
    </package>
    <package name="src.formatters">
      <metrics statements="59" coveredstatements="58" conditionals="47" coveredconditionals="45" methods="13" coveredmethods="13"/>
      <file name="index.js" path="/Users/evgeniy/Documents/JavaScript/frontend-project-46/src/formatters/index.js">
        <metrics statements="6" coveredstatements="6" conditionals="2" coveredconditionals="2" methods="1" coveredmethods="1"/>
        <line num="5" count="1" type="stmt"/>
        <line num="11" count="1" type="stmt"/>
        <line num="12" count="17" type="stmt"/>
        <line num="13" count="17" type="cond" truecount="2" falsecount="0"/>
        <line num="14" count="1" type="stmt"/>
        <line num="16" count="16" type="stmt"/>
      </file>
      <file name="json.js" path="/Users/evgeniy/Documents/JavaScript/frontend-project-46/src/formatters/json.js">
        <metrics statements="2" coveredstatements="2" conditionals="0" coveredconditionals="0" methods="1" coveredmethods="1"/>
        <line num="1" count="1" type="stmt"/>
        <line num="2" count="3" type="stmt"/>
      </file>
      <file name="plain.js" path="/Users/evgeniy/Documents/JavaScript/frontend-project-46/src/formatters/plain.js">
        <metrics statements="27" coveredstatements="26" conditionals="23" coveredconditionals="22" methods="6" coveredmethods="6"/>
        <line num="1" count="1" type="stmt"/>
        <line num="2" count="50" type="cond" truecount="2" falsecount="0"/>
        <line num="3" count="2" type="stmt"/>
        <line num="6" count="48" type="cond" truecount="2" falsecount="0"/>
        <line num="7" count="14" type="cond" truecount="2" falsecount="0"/>
        <line num="10" count="34" type="cond" truecount="4" falsecount="0"/>
        <line num="11" count="28" type="stmt"/>
        <line num="14" count="6" type="cond" truecount="3" falsecount="1"/>
        <line num="15" count="6" type="stmt"/>
        <line num="18" count="0" type="stmt"/>
        <line num="21" count="1" type="stmt"/>
        <line num="22" count="77" type="cond" truecount="2" falsecount="0"/>
        <line num="25" count="1" type="stmt"/>
        <line num="26" count="77" type="stmt"/>
        <line num="27" count="77" type="stmt"/>
        <line num="29" count="77" type="cond" truecount="6" falsecount="0"/>
        <line num="31" count="18" type="stmt"/>
        <line num="34" count="20" type="stmt"/>
        <line num="37" count="16" type="stmt"/>
        <line num="40" count="8" type="stmt"/>
        <line num="43" count="14" type="stmt"/>
        <line num="46" count="1" type="stmt"/>
        <line num="50" count="1" type="cond" truecount="1" falsecount="0"/>
        <line num="51" count="19" type="stmt"/>
        <line num="52" count="77" type="stmt"/>
        <line num="53" count="76" type="stmt"/>
        <line num="55" count="18" type="stmt"/>
      </file>
      <file name="stylish.js" path="/Users/evgeniy/Documents/JavaScript/frontend-project-46/src/formatters/stylish.js">
        <metrics statements="24" coveredstatements="24" conditionals="22" coveredconditionals="21" methods="5" coveredmethods="5"/>
        <line num="3" count="1" type="cond" truecount="1" falsecount="0"/>
        <line num="4" count="129" type="stmt"/>
        <line num="5" count="129" type="cond" truecount="2" falsecount="0"/>
        <line num="8" count="1" type="stmt"/>
        <line num="9" count="81" type="cond" truecount="2" falsecount="0"/>
        <line num="10" count="78" type="cond" truecount="4" falsecount="0"/>
        <line num="11" count="72" type="cond" truecount="2" falsecount="0"/>
        <line num="12" count="57" type="cond" truecount="1" falsecount="1"/>
        <line num="13" count="57" type="cond" truecount="2" falsecount="0"/>
        <line num="15" count="21" type="stmt"/>
        <line num="16" count="21" type="stmt"/>
        <line num="17" count="27" type="stmt"/>
        <line num="20" count="21" type="stmt"/>
        <line num="23" count="1" type="cond" truecount="1" falsecount="0"/>
        <line num="24" count="16" type="stmt"/>
        <line num="25" count="55" type="stmt"/>
        <line num="27" count="55" type="cond" truecount="6" falsecount="0"/>
        <line num="29" count="15" type="stmt"/>
        <line num="31" count="6" type="stmt"/>
        <line num="33" count="9" type="stmt"/>
        <line num="35" count="12" type="stmt"/>
        <line num="40" count="12" type="stmt"/>
        <line num="42" count="1" type="stmt"/>
        <line num="46" count="15" type="stmt"/>
      </file>
    </package>
  </project>
</coverage>
