{"/Users/evgeniy/Documents/JavaScript/frontend-project-46/src/diff.js": {"path":"/Users/evgeniy/Documents/JavaScript/frontend-project-46/src/diff.js","statementMap":{"0":{"start":{"line":5,"column":18},"end":{"line":40,"column":1}},"1":{"start":{"line":6,"column":15},"end":{"line":6,"column":50}},"2":{"start":{"line":7,"column":21},"end":{"line":7,"column":35}},"3":{"start":{"line":9,"column":2},"end":{"line":39,"column":5}},"4":{"start":{"line":10,"column":19},"end":{"line":10,"column":28}},"5":{"start":{"line":11,"column":19},"end":{"line":11,"column":28}},"6":{"start":{"line":13,"column":4},"end":{"line":15,"column":5}},"7":{"start":{"line":14,"column":6},"end":{"line":14,"column":53}},"8":{"start":{"line":17,"column":4},"end":{"line":19,"column":5}},"9":{"start":{"line":18,"column":6},"end":{"line":18,"column":51}},"10":{"start":{"line":21,"column":4},"end":{"line":27,"column":5}},"11":{"start":{"line":22,"column":6},"end":{"line":26,"column":8}},"12":{"start":{"line":29,"column":4},"end":{"line":36,"column":5}},"13":{"start":{"line":30,"column":6},"end":{"line":35,"column":8}},"14":{"start":{"line":38,"column":4},"end":{"line":38,"column":53}},"15":{"start":{"line":42,"column":16},"end":{"line":56,"column":1}},"16":{"start":{"line":43,"column":19},"end":{"line":43,"column":38}},"17":{"start":{"line":44,"column":19},"end":{"line":44,"column":38}},"18":{"start":{"line":46,"column":18},"end":{"line":46,"column":38}},"19":{"start":{"line":47,"column":18},"end":{"line":47,"column":38}},"20":{"start":{"line":49,"column":15},"end":{"line":49,"column":39}},"21":{"start":{"line":50,"column":15},"end":{"line":50,"column":39}},"22":{"start":{"line":52,"column":19},"end":{"line":52,"column":40}},"23":{"start":{"line":53,"column":20},"end":{"line":53,"column":40}},"24":{"start":{"line":55,"column":2},"end":{"line":55,"column":29}}},"fnMap":{"0":{"name":"(anonymous_0)","decl":{"start":{"line":5,"column":18},"end":{"line":5,"column":19}},"loc":{"start":{"line":5,"column":34},"end":{"line":40,"column":1}},"line":5},"1":{"name":"(anonymous_1)","decl":{"start":{"line":9,"column":24},"end":{"line":9,"column":25}},"loc":{"start":{"line":9,"column":33},"end":{"line":39,"column":3}},"line":9},"2":{"name":"(anonymous_2)","decl":{"start":{"line":42,"column":16},"end":{"line":42,"column":17}},"loc":{"start":{"line":42,"column":62},"end":{"line":56,"column":1}},"line":42}},"branchMap":{"0":{"loc":{"start":{"line":13,"column":4},"end":{"line":15,"column":5}},"type":"if","locations":[{"start":{"line":13,"column":4},"end":{"line":15,"column":5}},{"start":{},"end":{}}],"line":13},"1":{"loc":{"start":{"line":17,"column":4},"end":{"line":19,"column":5}},"type":"if","locations":[{"start":{"line":17,"column":4},"end":{"line":19,"column":5}},{"start":{},"end":{}}],"line":17},"2":{"loc":{"start":{"line":21,"column":4},"end":{"line":27,"column":5}},"type":"if","locations":[{"start":{"line":21,"column":4},"end":{"line":27,"column":5}},{"start":{},"end":{}}],"line":21},"3":{"loc":{"start":{"line":21,"column":8},"end":{"line":21,"column":58}},"type":"binary-expr","locations":[{"start":{"line":21,"column":8},"end":{"line":21,"column":31}},{"start":{"line":21,"column":35},"end":{"line":21,"column":58}}],"line":21},"4":{"loc":{"start":{"line":29,"column":4},"end":{"line":36,"column":5}},"type":"if","locations":[{"start":{"line":29,"column":4},"end":{"line":36,"column":5}},{"start":{},"end":{}}],"line":29},"5":{"loc":{"start":{"line":42,"column":39},"end":{"line":42,"column":57}},"type":"default-arg","locations":[{"start":{"line":42,"column":48},"end":{"line":42,"column":57}}],"line":42}},"s":{"0":1,"1":53,"2":53,"3":53,"4":202,"5":202,"6":202,"7":34,"8":168,"9":53,"10":115,"11":36,"12":79,"13":44,"14":35,"15":1,"16":17,"17":17,"18":17,"19":17,"20":17,"21":17,"22":17,"23":17,"24":16},"f":{"0":53,"1":202,"2":17},"b":{"0":[34,168],"1":[53,115],"2":[36,79],"3":[115,45],"4":[44,35],"5":[3]},"_coverageSchema":"1a1c01bbd47fc00a2c39e90264f33305004495a9","hash":"f3b698c6804db8c8a5296ed167fbef9b615b64f4"}
,"/Users/evgeniy/Documents/JavaScript/frontend-project-46/src/parsers.js": {"path":"/Users/evgeniy/Documents/JavaScript/frontend-project-46/src/parsers.js","statementMap":{"0":{"start":{"line":5,"column":17},"end":{"line":17,"column":1}},"1":{"start":{"line":6,"column":21},"end":{"line":6,"column":58}},"2":{"start":{"line":8,"column":2},"end":{"line":10,"column":3}},"3":{"start":{"line":9,"column":4},"end":{"line":9,"column":73}},"4":{"start":{"line":12,"column":2},"end":{"line":14,"column":3}},"5":{"start":{"line":13,"column":4},"end":{"line":13,"column":51}},"6":{"start":{"line":16,"column":2},"end":{"line":16,"column":48}},"7":{"start":{"line":19,"column":14},"end":{"line":23,"column":1}},"8":{"start":{"line":20,"column":2},"end":{"line":20,"column":52}},"9":{"start":{"line":20,"column":25},"end":{"line":20,"column":52}},"10":{"start":{"line":21,"column":2},"end":{"line":21,"column":71}},"11":{"start":{"line":21,"column":45},"end":{"line":21,"column":71}},"12":{"start":{"line":22,"column":2},"end":{"line":22,"column":51}},"13":{"start":{"line":25,"column":18},"end":{"line":30,"column":1}},"14":{"start":{"line":26,"column":14},"end":{"line":26,"column":58}},"15":{"start":{"line":27,"column":2},"end":{"line":27,"column":37}},"16":{"start":{"line":27,"column":23},"end":{"line":27,"column":37}},"17":{"start":{"line":28,"column":2},"end":{"line":28,"column":54}},"18":{"start":{"line":28,"column":41},"end":{"line":28,"column":54}},"19":{"start":{"line":29,"column":2},"end":{"line":29,"column":56}}},"fnMap":{"0":{"name":"(anonymous_0)","decl":{"start":{"line":5,"column":17},"end":{"line":5,"column":18}},"loc":{"start":{"line":5,"column":31},"end":{"line":17,"column":1}},"line":5},"1":{"name":"(anonymous_1)","decl":{"start":{"line":19,"column":14},"end":{"line":19,"column":15}},"loc":{"start":{"line":19,"column":35},"end":{"line":23,"column":1}},"line":19},"2":{"name":"(anonymous_2)","decl":{"start":{"line":25,"column":18},"end":{"line":25,"column":19}},"loc":{"start":{"line":25,"column":32},"end":{"line":30,"column":1}},"line":25}},"branchMap":{"0":{"loc":{"start":{"line":8,"column":2},"end":{"line":10,"column":3}},"type":"if","locations":[{"start":{"line":8,"column":2},"end":{"line":10,"column":3}},{"start":{},"end":{}}],"line":8},"1":{"loc":{"start":{"line":12,"column":2},"end":{"line":14,"column":3}},"type":"if","locations":[{"start":{"line":12,"column":2},"end":{"line":14,"column":3}},{"start":{},"end":{}}],"line":12},"2":{"loc":{"start":{"line":20,"column":2},"end":{"line":20,"column":52}},"type":"if","locations":[{"start":{"line":20,"column":2},"end":{"line":20,"column":52}},{"start":{},"end":{}}],"line":20},"3":{"loc":{"start":{"line":21,"column":2},"end":{"line":21,"column":71}},"type":"if","locations":[{"start":{"line":21,"column":2},"end":{"line":21,"column":71}},{"start":{},"end":{}}],"line":21},"4":{"loc":{"start":{"line":21,"column":6},"end":{"line":21,"column":43}},"type":"binary-expr","locations":[{"start":{"line":21,"column":6},"end":{"line":21,"column":22}},{"start":{"line":21,"column":26},"end":{"line":21,"column":43}}],"line":21},"5":{"loc":{"start":{"line":27,"column":2},"end":{"line":27,"column":37}},"type":"if","locations":[{"start":{"line":27,"column":2},"end":{"line":27,"column":37}},{"start":{},"end":{}}],"line":27},"6":{"loc":{"start":{"line":28,"column":2},"end":{"line":28,"column":54}},"type":"if","locations":[{"start":{"line":28,"column":2},"end":{"line":28,"column":54}},{"start":{},"end":{}}],"line":28},"7":{"loc":{"start":{"line":28,"column":6},"end":{"line":28,"column":39}},"type":"binary-expr","locations":[{"start":{"line":28,"column":6},"end":{"line":28,"column":20}},{"start":{"line":28,"column":24},"end":{"line":28,"column":39}}],"line":28}},"s":{"0":1,"1":34,"2":34,"3":0,"4":34,"5":0,"6":34,"7":1,"8":36,"9":28,"10":8,"11":7,"12":1,"13":1,"14":35,"15":35,"16":27,"17":8,"18":7,"19":1},"f":{"0":34,"1":36,"2":35},"b":{"0":[0,34],"1":[0,34],"2":[28,8],"3":[7,1],"4":[8,1],"5":[27,8],"6":[7,1],"7":[8,1]},"_coverageSchema":"1a1c01bbd47fc00a2c39e90264f33305004495a9","hash":"6a8d764f8bc2e8b940023cdafe82a41f31c4caec"}
,"/Users/evgeniy/Documents/JavaScript/frontend-project-46/src/formatters/index.js": {"path":"/Users/evgeniy/Documents/JavaScript/frontend-project-46/src/formatters/index.js","statementMap":{"0":{"start":{"line":5,"column":19},"end":{"line":9,"column":1}},"1":{"start":{"line":11,"column":21},"end":{"line":17,"column":1}},"2":{"start":{"line":12,"column":20},"end":{"line":12,"column":42}},"3":{"start":{"line":13,"column":2},"end":{"line":15,"column":3}},"4":{"start":{"line":14,"column":4},"end":{"line":14,"column":53}},"5":{"start":{"line":16,"column":2},"end":{"line":16,"column":19}}},"fnMap":{"0":{"name":"(anonymous_0)","decl":{"start":{"line":11,"column":21},"end":{"line":11,"column":22}},"loc":{"start":{"line":11,"column":37},"end":{"line":17,"column":1}},"line":11}},"branchMap":{"0":{"loc":{"start":{"line":13,"column":2},"end":{"line":15,"column":3}},"type":"if","locations":[{"start":{"line":13,"column":2},"end":{"line":15,"column":3}},{"start":{},"end":{}}],"line":13}},"s":{"0":1,"1":1,"2":17,"3":17,"4":1,"5":16},"f":{"0":17},"b":{"0":[1,16]},"_coverageSchema":"1a1c01bbd47fc00a2c39e90264f33305004495a9","hash":"625559e0c2ccac6233dc77534eee405f63a3aa97"}
,"/Users/evgeniy/Documents/JavaScript/frontend-project-46/src/formatters/json.js": {"path":"/Users/evgeniy/Documents/JavaScript/frontend-project-46/src/formatters/json.js","statementMap":{"0":{"start":{"line":1,"column":19},"end":{"line":3,"column":1}},"1":{"start":{"line":2,"column":2},"end":{"line":2,"column":39}}},"fnMap":{"0":{"name":"(anonymous_0)","decl":{"start":{"line":1,"column":19},"end":{"line":1,"column":20}},"loc":{"start":{"line":1,"column":29},"end":{"line":3,"column":1}},"line":1}},"branchMap":{},"s":{"0":1,"1":3},"f":{"0":3},"b":{},"_coverageSchema":"1a1c01bbd47fc00a2c39e90264f33305004495a9","hash":"244f02bc3c4f86d2a2bc7e3b585dda1a92dd4be8"}
,"/Users/evgeniy/Documents/JavaScript/frontend-project-46/src/formatters/plain.js": {"path":"/Users/evgeniy/Documents/JavaScript/frontend-project-46/src/formatters/plain.js","statementMap":{"0":{"start":{"line":1,"column":18},"end":{"line":19,"column":1}},"1":{"start":{"line":2,"column":2},"end":{"line":4,"column":3}},"2":{"start":{"line":3,"column":4},"end":{"line":3,"column":18}},"3":{"start":{"line":6,"column":2},"end":{"line":8,"column":3}},"4":{"start":{"line":7,"column":4},"end":{"line":7,"column":46}},"5":{"start":{"line":10,"column":2},"end":{"line":12,"column":3}},"6":{"start":{"line":11,"column":4},"end":{"line":11,"column":25}},"7":{"start":{"line":14,"column":2},"end":{"line":16,"column":3}},"8":{"start":{"line":15,"column":4},"end":{"line":15,"column":29}},"9":{"start":{"line":18,"column":2},"end":{"line":18,"column":23}},"10":{"start":{"line":21,"column":18},"end":{"line":23,"column":1}},"11":{"start":{"line":22,"column":2},"end":{"line":22,"column":53}},"12":{"start":{"line":25,"column":19},"end":{"line":48,"column":1}},"13":{"start":{"line":26,"column":24},"end":{"line":26,"column":28}},"14":{"start":{"line":27,"column":22},"end":{"line":27,"column":42}},"15":{"start":{"line":29,"column":2},"end":{"line":47,"column":3}},"16":{"start":{"line":31,"column":6},"end":{"line":31,"column":88}},"17":{"start":{"line":34,"column":6},"end":{"line":34,"column":53}},"18":{"start":{"line":37,"column":6},"end":{"line":37,"column":118}},"19":{"start":{"line":40,"column":6},"end":{"line":40,"column":53}},"20":{"start":{"line":43,"column":6},"end":{"line":43,"column":18}},"21":{"start":{"line":46,"column":6},"end":{"line":46,"column":52}},"22":{"start":{"line":50,"column":20},"end":{"line":56,"column":1}},"23":{"start":{"line":51,"column":16},"end":{"line":53,"column":36}},"24":{"start":{"line":52,"column":19},"end":{"line":52,"column":41}},"25":{"start":{"line":53,"column":22},"end":{"line":53,"column":35}},"26":{"start":{"line":55,"column":2},"end":{"line":55,"column":26}}},"fnMap":{"0":{"name":"(anonymous_0)","decl":{"start":{"line":1,"column":18},"end":{"line":1,"column":19}},"loc":{"start":{"line":1,"column":29},"end":{"line":19,"column":1}},"line":1},"1":{"name":"(anonymous_1)","decl":{"start":{"line":21,"column":18},"end":{"line":21,"column":19}},"loc":{"start":{"line":21,"column":40},"end":{"line":23,"column":1}},"line":21},"2":{"name":"(anonymous_2)","decl":{"start":{"line":25,"column":19},"end":{"line":25,"column":20}},"loc":{"start":{"line":25,"column":35},"end":{"line":48,"column":1}},"line":25},"3":{"name":"(anonymous_3)","decl":{"start":{"line":50,"column":20},"end":{"line":50,"column":21}},"loc":{"start":{"line":50,"column":41},"end":{"line":56,"column":1}},"line":50},"4":{"name":"(anonymous_4)","decl":{"start":{"line":52,"column":9},"end":{"line":52,"column":10}},"loc":{"start":{"line":52,"column":19},"end":{"line":52,"column":41}},"line":52},"5":{"name":"(anonymous_5)","decl":{"start":{"line":53,"column":12},"end":{"line":53,"column":13}},"loc":{"start":{"line":53,"column":22},"end":{"line":53,"column":35}},"line":53}},"branchMap":{"0":{"loc":{"start":{"line":2,"column":2},"end":{"line":4,"column":3}},"type":"if","locations":[{"start":{"line":2,"column":2},"end":{"line":4,"column":3}},{"start":{},"end":{}}],"line":2},"1":{"loc":{"start":{"line":6,"column":2},"end":{"line":8,"column":3}},"type":"if","locations":[{"start":{"line":6,"column":2},"end":{"line":8,"column":3}},{"start":{},"end":{}}],"line":6},"2":{"loc":{"start":{"line":7,"column":11},"end":{"line":7,"column":45}},"type":"cond-expr","locations":[{"start":{"line":7,"column":26},"end":{"line":7,"column":30}},{"start":{"line":7,"column":33},"end":{"line":7,"column":45}}],"line":7},"3":{"loc":{"start":{"line":10,"column":2},"end":{"line":12,"column":3}},"type":"if","locations":[{"start":{"line":10,"column":2},"end":{"line":12,"column":3}},{"start":{},"end":{}}],"line":10},"4":{"loc":{"start":{"line":10,"column":6},"end":{"line":10,"column":61}},"type":"binary-expr","locations":[{"start":{"line":10,"column":6},"end":{"line":10,"column":32}},{"start":{"line":10,"column":36},"end":{"line":10,"column":61}}],"line":10},"5":{"loc":{"start":{"line":14,"column":2},"end":{"line":16,"column":3}},"type":"if","locations":[{"start":{"line":14,"column":2},"end":{"line":16,"column":3}},{"start":{},"end":{}}],"line":14},"6":{"loc":{"start":{"line":14,"column":6},"end":{"line":14,"column":55}},"type":"binary-expr","locations":[{"start":{"line":14,"column":6},"end":{"line":14,"column":26}},{"start":{"line":14,"column":30},"end":{"line":14,"column":55}}],"line":14},"7":{"loc":{"start":{"line":22,"column":9},"end":{"line":22,"column":52}},"type":"cond-expr","locations":[{"start":{"line":22,"column":23},"end":{"line":22,"column":46}},{"start":{"line":22,"column":49},"end":{"line":22,"column":52}}],"line":22},"8":{"loc":{"start":{"line":29,"column":2},"end":{"line":47,"column":3}},"type":"switch","locations":[{"start":{"line":30,"column":4},"end":{"line":31,"column":88}},{"start":{"line":33,"column":4},"end":{"line":34,"column":53}},{"start":{"line":36,"column":4},"end":{"line":37,"column":118}},{"start":{"line":39,"column":4},"end":{"line":40,"column":53}},{"start":{"line":42,"column":4},"end":{"line":43,"column":18}},{"start":{"line":45,"column":4},"end":{"line":46,"column":52}}],"line":29},"9":{"loc":{"start":{"line":50,"column":27},"end":{"line":50,"column":36}},"type":"default-arg","locations":[{"start":{"line":50,"column":34},"end":{"line":50,"column":36}}],"line":50}},"s":{"0":1,"1":50,"2":2,"3":48,"4":14,"5":34,"6":28,"7":6,"8":6,"9":0,"10":1,"11":77,"12":1,"13":77,"14":77,"15":77,"16":18,"17":20,"18":16,"19":8,"20":14,"21":1,"22":1,"23":19,"24":77,"25":76,"26":18},"f":{"0":50,"1":77,"2":77,"3":19,"4":77,"5":76},"b":{"0":[2,48],"1":[14,34],"2":[2,12],"3":[28,6],"4":[34,22],"5":[6,0],"6":[6,6],"7":[28,49],"8":[18,20,16,8,14,1],"9":[11]},"_coverageSchema":"1a1c01bbd47fc00a2c39e90264f33305004495a9","hash":"55053375c201188390b045d0b6507c281a8d9478"}
,"/Users/evgeniy/Documents/JavaScript/frontend-project-46/src/formatters/stylish.js": {"path":"/Users/evgeniy/Documents/JavaScript/frontend-project-46/src/formatters/stylish.js","statementMap":{"0":{"start":{"line":3,"column":18},"end":{"line":6,"column":1}},"1":{"start":{"line":4,"column":17},"end":{"line":4,"column":26}},"2":{"start":{"line":5,"column":2},"end":{"line":5,"column":64}},"3":{"start":{"line":8,"column":18},"end":{"line":21,"column":1}},"4":{"start":{"line":9,"column":2},"end":{"line":9,"column":36}},"5":{"start":{"line":9,"column":22},"end":{"line":9,"column":36}},"6":{"start":{"line":10,"column":2},"end":{"line":10,"column":66}},"7":{"start":{"line":10,"column":34},"end":{"line":10,"column":66}},"8":{"start":{"line":11,"column":2},"end":{"line":11,"column":54}},"9":{"start":{"line":11,"column":33},"end":{"line":11,"column":54}},"10":{"start":{"line":12,"column":2},"end":{"line":12,"column":53}},"11":{"start":{"line":12,"column":28},"end":{"line":12,"column":53}},"12":{"start":{"line":13,"column":2},"end":{"line":13,"column":54}},"13":{"start":{"line":13,"column":33},"end":{"line":13,"column":54}},"14":{"start":{"line":15,"column":18},"end":{"line":15,"column":39}},"15":{"start":{"line":16,"column":16},"end":{"line":18,"column":4}},"16":{"start":{"line":17,"column":4},"end":{"line":17,"column":73}},"17":{"start":{"line":20,"column":2},"end":{"line":20,"column":56}},"18":{"start":{"line":23,"column":22},"end":{"line":47,"column":1}},"19":{"start":{"line":24,"column":16},"end":{"line":44,"column":4}},"20":{"start":{"line":25,"column":26},"end":{"line":25,"column":30}},"21":{"start":{"line":27,"column":4},"end":{"line":43,"column":5}},"22":{"start":{"line":29,"column":8},"end":{"line":29,"column":92}},"23":{"start":{"line":31,"column":8},"end":{"line":31,"column":92}},"24":{"start":{"line":33,"column":8},"end":{"line":33,"column":84}},"25":{"start":{"line":35,"column":8},"end":{"line":38,"column":21}},"26":{"start":{"line":40,"column":8},"end":{"line":40,"column":91}},"27":{"start":{"line":42,"column":8},"end":{"line":42,"column":54}},"28":{"start":{"line":46,"column":2},"end":{"line":46,"column":56}}},"fnMap":{"0":{"name":"(anonymous_0)","decl":{"start":{"line":3,"column":18},"end":{"line":3,"column":19}},"loc":{"start":{"line":3,"column":47},"end":{"line":6,"column":1}},"line":3},"1":{"name":"(anonymous_1)","decl":{"start":{"line":8,"column":18},"end":{"line":8,"column":19}},"loc":{"start":{"line":8,"column":36},"end":{"line":21,"column":1}},"line":8},"2":{"name":"(anonymous_2)","decl":{"start":{"line":16,"column":28},"end":{"line":16,"column":29}},"loc":{"start":{"line":16,"column":44},"end":{"line":18,"column":3}},"line":16},"3":{"name":"(anonymous_3)","decl":{"start":{"line":23,"column":22},"end":{"line":23,"column":23}},"loc":{"start":{"line":23,"column":43},"end":{"line":47,"column":1}},"line":23},"4":{"name":"(anonymous_4)","decl":{"start":{"line":24,"column":25},"end":{"line":24,"column":26}},"loc":{"start":{"line":24,"column":35},"end":{"line":44,"column":3}},"line":24}},"branchMap":{"0":{"loc":{"start":{"line":3,"column":26},"end":{"line":3,"column":42}},"type":"default-arg","locations":[{"start":{"line":3,"column":37},"end":{"line":3,"column":42}}],"line":3},"1":{"loc":{"start":{"line":5,"column":9},"end":{"line":5,"column":63}},"type":"cond-expr","locations":[{"start":{"line":5,"column":20},"end":{"line":5,"column":42}},{"start":{"line":5,"column":45},"end":{"line":5,"column":63}}],"line":5},"2":{"loc":{"start":{"line":9,"column":2},"end":{"line":9,"column":36}},"type":"if","locations":[{"start":{"line":9,"column":2},"end":{"line":9,"column":36}},{"start":{},"end":{}}],"line":9},"3":{"loc":{"start":{"line":10,"column":2},"end":{"line":10,"column":66}},"type":"if","locations":[{"start":{"line":10,"column":2},"end":{"line":10,"column":66}},{"start":{},"end":{}}],"line":10},"4":{"loc":{"start":{"line":10,"column":41},"end":{"line":10,"column":65}},"type":"cond-expr","locations":[{"start":{"line":10,"column":49},"end":{"line":10,"column":55}},{"start":{"line":10,"column":58},"end":{"line":10,"column":65}}],"line":10},"5":{"loc":{"start":{"line":11,"column":2},"end":{"line":11,"column":54}},"type":"if","locations":[{"start":{"line":11,"column":2},"end":{"line":11,"column":54}},{"start":{},"end":{}}],"line":11},"6":{"loc":{"start":{"line":12,"column":2},"end":{"line":12,"column":53}},"type":"if","locations":[{"start":{"line":12,"column":2},"end":{"line":12,"column":53}},{"start":{},"end":{}}],"line":12},"7":{"loc":{"start":{"line":13,"column":2},"end":{"line":13,"column":54}},"type":"if","locations":[{"start":{"line":13,"column":2},"end":{"line":13,"column":54}},{"start":{},"end":{}}],"line":13},"8":{"loc":{"start":{"line":23,"column":29},"end":{"line":23,"column":38}},"type":"default-arg","locations":[{"start":{"line":23,"column":37},"end":{"line":23,"column":38}}],"line":23},"9":{"loc":{"start":{"line":27,"column":4},"end":{"line":43,"column":5}},"type":"switch","locations":[{"start":{"line":28,"column":6},"end":{"line":29,"column":92}},{"start":{"line":30,"column":6},"end":{"line":31,"column":92}},{"start":{"line":32,"column":6},"end":{"line":33,"column":84}},{"start":{"line":34,"column":6},"end":{"line":38,"column":21}},{"start":{"line":39,"column":6},"end":{"line":40,"column":91}},{"start":{"line":41,"column":6},"end":{"line":42,"column":54}}],"line":27}},"s":{"0":1,"1":129,"2":129,"3":1,"4":81,"5":3,"6":78,"7":6,"8":72,"9":15,"10":57,"11":0,"12":57,"13":36,"14":21,"15":21,"16":27,"17":21,"18":1,"19":16,"20":55,"21":55,"22":15,"23":6,"24":9,"25":12,"26":12,"27":1,"28":15},"f":{"0":129,"1":81,"2":27,"3":16,"4":55},"b":{"0":[84],"1":[45,84],"2":[3,78],"3":[6,72],"4":[3,3],"5":[15,57],"6":[0,57],"7":[36,21],"8":[4],"9":[15,6,9,12,12,1]},"_coverageSchema":"1a1c01bbd47fc00a2c39e90264f33305004495a9","hash":"f29db3825b0e3e54f948325a6504005db834e2df"}
}
