TN:
SF:src/diff.js
FN:4,(anonymous_0)
FN:18,(anonymous_1)
FNF:2
FNH:2
FNDA:4,(anonymous_0)
FNDA:19,(anonymous_1)
DA:4,1
DA:5,4
DA:6,4
DA:8,4
DA:9,4
DA:11,4
DA:12,4
DA:14,4
DA:15,4
DA:16,4
DA:18,4
DA:19,19
DA:20,7
DA:22,12
DA:23,4
DA:25,8
DA:26,3
DA:28,5
DA:31,4
LF:19
LH:19
BRDA:19,0,0,7
BRDA:19,0,1,12
BRDA:22,1,0,4
BRDA:22,1,1,8
BRDA:25,2,0,3
BRDA:25,2,1,5
BRF:6
BRH:6
end_of_record
TN:
SF:src/parsers.js
FN:5,(anonymous_0)
FN:11,(anonymous_1)
FN:21,(anonymous_2)
FNF:3
FNH:3
FNDA:8,(anonymous_0)
FNDA:8,(anonymous_1)
FNDA:8,(anonymous_2)
DA:5,1
DA:6,8
DA:7,8
DA:8,8
DA:11,1
DA:12,8
DA:13,5
DA:15,3
DA:16,3
DA:18,0
DA:21,1
DA:22,8
DA:23,8
DA:24,8
DA:25,3
DA:26,0
LF:16
LH:14
BRDA:12,0,0,5
BRDA:12,0,1,3
BRDA:15,1,0,3
BRDA:15,1,1,0
BRDA:15,2,0,3
BRDA:15,2,1,0
BRDA:24,3,0,5
BRDA:24,3,1,3
BRDA:25,4,0,3
BRDA:25,4,1,0
BRDA:25,5,0,3
BRDA:25,5,1,0
BRF:12
BRH:8
end_of_record
