TN:
SF:src/diff.js
FN:5,(anonymous_0)
FN:9,(anonymous_1)
FN:42,(anonymous_2)
FNF:3
FNH:3
FNDA:53,(anonymous_0)
FNDA:202,(anonymous_1)
FNDA:17,(anonymous_2)
DA:5,1
DA:6,53
DA:7,53
DA:9,53
DA:10,202
DA:11,202
DA:13,202
DA:14,34
DA:17,168
DA:18,53
DA:21,115
DA:22,36
DA:29,79
DA:30,44
DA:38,35
DA:42,1
DA:43,17
DA:44,17
DA:45,17
DA:47,17
DA:48,17
DA:50,17
DA:51,17
DA:53,17
DA:54,17
DA:56,16
DA:58,1
LF:27
LH:27
BRDA:13,0,0,34
BRDA:13,0,1,168
BRDA:17,1,0,53
BRDA:17,1,1,115
BRDA:21,2,0,36
BRDA:21,2,1,79
BRDA:21,3,0,115
BRDA:21,3,1,45
BRDA:29,4,0,44
BRDA:29,4,1,35
BRDA:42,5,0,3
BRF:11
BRH:11
end_of_record
TN:
SF:src/parsers.js
FN:5,(anonymous_0)
FN:22,(anonymous_1)
FN:32,(anonymous_2)
FNF:3
FNH:3
FNDA:34,(anonymous_0)
FNDA:36,(anonymous_1)
FNDA:35,(anonymous_2)
DA:5,1
DA:6,34
DA:13,34
DA:14,34
DA:15,34
DA:19,0
DA:22,1
DA:23,36
DA:24,36
DA:25,8
DA:26,1
DA:28,2
DA:32,1
DA:33,35
DA:34,35
DA:35,8
DA:36,1
LF:17
LH:16
BRDA:14,0,0,34
BRDA:14,0,1,0
BRDA:24,1,0,28
BRDA:24,1,1,8
BRDA:25,2,0,7
BRDA:25,2,1,1
BRDA:25,3,0,8
BRDA:25,3,1,1
BRDA:34,4,0,27
BRDA:34,4,1,8
BRDA:35,5,0,7
BRDA:35,5,1,1
BRDA:35,6,0,8
BRDA:35,6,1,1
BRF:14
BRH:13
end_of_record
TN:
SF:src/formatters/index.js
FN:11,(anonymous_0)
FNF:1
FNH:1
FNDA:17,(anonymous_0)
DA:5,1
DA:11,1
DA:12,17
DA:13,17
DA:14,1
DA:16,16
LF:6
LH:6
BRDA:13,0,0,1
BRDA:13,0,1,16
BRF:2
BRH:2
end_of_record
TN:
SF:src/formatters/json.js
FN:1,(anonymous_0)
FNF:1
FNH:1
FNDA:3,(anonymous_0)
DA:1,1
DA:2,3
LF:2
LH:2
BRF:0
BRH:0
end_of_record
TN:
SF:src/formatters/plain.js
FN:1,(anonymous_0)
FN:21,(anonymous_1)
FN:25,(anonymous_2)
FN:50,(anonymous_3)
FN:52,(anonymous_4)
FN:53,(anonymous_5)
FNF:6
FNH:6
FNDA:50,(anonymous_0)
FNDA:77,(anonymous_1)
FNDA:77,(anonymous_2)
FNDA:19,(anonymous_3)
FNDA:77,(anonymous_4)
FNDA:76,(anonymous_5)
DA:1,1
DA:2,50
DA:3,2
DA:6,48
DA:7,14
DA:10,34
DA:11,28
DA:14,6
DA:15,6
DA:18,0
DA:21,1
DA:22,77
DA:25,1
DA:26,77
DA:27,77
DA:29,77
DA:31,18
DA:34,20
DA:37,16
DA:40,8
DA:43,14
DA:46,1
DA:50,1
DA:51,19
DA:52,77
DA:53,76
DA:55,18
LF:27
LH:26
BRDA:2,0,0,2
BRDA:2,0,1,48
BRDA:6,1,0,14
BRDA:6,1,1,34
BRDA:7,2,0,2
BRDA:7,2,1,12
BRDA:10,3,0,28
BRDA:10,3,1,6
BRDA:10,4,0,34
BRDA:10,4,1,22
BRDA:14,5,0,6
BRDA:14,5,1,0
BRDA:14,6,0,6
BRDA:14,6,1,6
BRDA:22,7,0,28
BRDA:22,7,1,49
BRDA:29,8,0,18
BRDA:29,8,1,20
BRDA:29,8,2,16
BRDA:29,8,3,8
BRDA:29,8,4,14
BRDA:29,8,5,1
BRDA:50,9,0,11
BRF:23
BRH:22
end_of_record
TN:
SF:src/formatters/stylish.js
FN:3,(anonymous_0)
FN:8,(anonymous_1)
FN:16,(anonymous_2)
FN:23,(anonymous_3)
FN:24,(anonymous_4)
FNF:5
FNH:5
FNDA:129,(anonymous_0)
FNDA:81,(anonymous_1)
FNDA:27,(anonymous_2)
FNDA:16,(anonymous_3)
FNDA:55,(anonymous_4)
DA:3,1
DA:4,129
DA:5,129
DA:8,1
DA:9,81
DA:10,78
DA:11,72
DA:12,57
DA:13,57
DA:15,21
DA:16,21
DA:17,27
DA:20,21
DA:23,1
DA:24,16
DA:25,55
DA:27,55
DA:29,15
DA:31,6
DA:33,9
DA:35,12
DA:40,12
DA:42,1
DA:46,15
LF:24
LH:24
BRDA:3,0,0,84
BRDA:5,1,0,45
BRDA:5,1,1,84
BRDA:9,2,0,3
BRDA:9,2,1,78
BRDA:10,3,0,6
BRDA:10,3,1,72
BRDA:10,4,0,3
BRDA:10,4,1,3
BRDA:11,5,0,15
BRDA:11,5,1,57
BRDA:12,6,0,0
BRDA:12,6,1,57
BRDA:13,7,0,36
BRDA:13,7,1,21
BRDA:23,8,0,4
BRDA:27,9,0,15
BRDA:27,9,1,6
BRDA:27,9,2,9
BRDA:27,9,3,12
BRDA:27,9,4,12
BRDA:27,9,5,1
BRF:22
BRH:21
end_of_record
